5/16/2019 11:29:28 AM	This log contains information about the import schema operation into project 'Autoprevoznik' on computer 'DESKTOP-HDQ5UM8' by user 'dellBoj'.
5/16/2019 11:29:28 AM	Import of database schema has started.
5/16/2019 11:29:30 AM	Gathering error messages
5/16/2019 11:29:30 AM	Gathering cryptographic providers
5/16/2019 11:29:30 AM	Gathering credentials
5/16/2019 11:29:30 AM	Gathering logins
5/16/2019 11:29:30 AM	Gathering server roles
5/16/2019 11:29:30 AM	Gathering server role memberships
5/16/2019 11:29:30 AM	Gathering linked servers
5/16/2019 11:29:30 AM	Gathering linked server logins
5/16/2019 11:29:30 AM	Gathering routes
5/16/2019 11:29:30 AM	Gathering ddl triggers
5/16/2019 11:29:30 AM	Gathering encrypted and clr ddl triggers
5/16/2019 11:29:30 AM	Gathering event notifications
5/16/2019 11:29:30 AM	Gathering server audits
5/16/2019 11:29:30 AM	Gathering server audit specifications
5/16/2019 11:29:30 AM	Gathering event notifications
5/16/2019 11:29:30 AM	Gathering database options
5/16/2019 11:29:30 AM	Gathering users
5/16/2019 11:29:30 AM	Gathering roles
5/16/2019 11:29:30 AM	Gathering application roles
5/16/2019 11:29:30 AM	Gathering role memberships
5/16/2019 11:29:30 AM	Gathering filegroups
5/16/2019 11:29:30 AM	Gathering files
5/16/2019 11:29:30 AM	Gathering full-text catalogs
5/16/2019 11:29:30 AM	Gathering assemblies
5/16/2019 11:29:30 AM	Gathering certificates
5/16/2019 11:29:30 AM	Gathering asymmetric keys
5/16/2019 11:29:30 AM	Gathering symmetric keys
5/16/2019 11:29:30 AM	Gathering encrypted symmetric keys
5/16/2019 11:29:30 AM	Gathering database encryption keys
5/16/2019 11:29:30 AM	Gathering schemas
5/16/2019 11:29:30 AM	Gathering XML schema collections
5/16/2019 11:29:30 AM	Gathering user-defined data types
5/16/2019 11:29:30 AM	Gathering user-defined types
5/16/2019 11:29:30 AM	Gathering table types
5/16/2019 11:29:30 AM	Gathering unique keys for table types
5/16/2019 11:29:30 AM	Gathering primary keys for table types
5/16/2019 11:29:30 AM	Gathering indexes for table types
5/16/2019 11:29:30 AM	Gathering check constraints for table types
5/16/2019 11:29:30 AM	Gathering default constraints for table types
5/16/2019 11:29:30 AM	Gathering partition functions
5/16/2019 11:29:30 AM	Gathering partition schemes
5/16/2019 11:29:30 AM	Gathering functions
5/16/2019 11:29:30 AM	Gathering encrypted functions
5/16/2019 11:29:30 AM	Gathering aggregates
5/16/2019 11:29:30 AM	Gathering procedures
5/16/2019 11:29:30 AM	Gathering encrypted procedures
5/16/2019 11:29:30 AM	Gathering tables
5/16/2019 11:29:30 AM	Gathering primary keys
5/16/2019 11:29:30 AM	Gathering unique constraints
5/16/2019 11:29:30 AM	Gathering foreign keys
5/16/2019 11:29:30 AM	Gathering default constraints
5/16/2019 11:29:30 AM	Gathering check constraints
5/16/2019 11:29:30 AM	Gathering views
5/16/2019 11:29:30 AM	Gathering encrypted views
5/16/2019 11:29:30 AM	Gathering indexes
5/16/2019 11:29:30 AM	Gathering statistics
5/16/2019 11:29:30 AM	Gathering full-text index stoplists
5/16/2019 11:29:30 AM	Gathering search property lists
5/16/2019 11:29:30 AM	Gathering search properties
5/16/2019 11:29:30 AM	Gathering full-text indexes
5/16/2019 11:29:30 AM	Gathering column store indexes
5/16/2019 11:29:30 AM	Gathering spatial indexes
5/16/2019 11:29:30 AM	Gathering XML indexes
5/16/2019 11:29:30 AM	Gathering Selective XML indexes
5/16/2019 11:29:31 AM	Gathering encrypted triggers
5/16/2019 11:29:31 AM	Gathering triggers
5/16/2019 11:29:31 AM	Gathering encrypted and clr ddl triggers
5/16/2019 11:29:31 AM	Gathering ddl triggers
5/16/2019 11:29:31 AM	Gathering synonyms
5/16/2019 11:29:31 AM	Gathering defaults
5/16/2019 11:29:31 AM	Gathering data constraint uddt bindings
5/16/2019 11:29:31 AM	Gathering rules
5/16/2019 11:29:31 AM	Gathering data constraint uddt bindings
5/16/2019 11:29:31 AM	Gathering message types
5/16/2019 11:29:31 AM	Gathering queues
5/16/2019 11:29:31 AM	Gathering contracts
5/16/2019 11:29:31 AM	Gathering services
5/16/2019 11:29:31 AM	Gathering routes
5/16/2019 11:29:31 AM	Gathering event notifications
5/16/2019 11:29:31 AM	Gathering remote service bindings
5/16/2019 11:29:31 AM	Gathering broker priorities
5/16/2019 11:29:31 AM	Gathering database audit specifications
5/16/2019 11:29:31 AM	Gathering signatures
5/16/2019 11:29:31 AM	Gathering data compression options
5/16/2019 11:29:31 AM	Gathering sequence types
5/16/2019 11:29:31 AM	Gathering extended properties
5/16/2019 11:29:31 AM	Scanning project for duplicate elements
5/16/2019 11:29:31 AM	Finished duplicate element processing
5/16/2019 11:29:31 AM	Finished importing database.
5/16/2019 11:29:31 AM	A summary of the import was saved to the following location: D:\Fakultet\Projekat\Autoprevnoznik\Autoprevoznik\Import Schema Logs\Autoprevoznik_20190516092928.log
5/16/2019 11:29:31 AM	Click Finish to continue...
